Patch Stream generation
Patch notification stream generated for Content Spec: http://skynet.usersys.redhat.com:8080/TopicIndex 6179
Patch notification stream generated for Content Spec: http://skynet.usersys.redhat.com:8080/TopicIndex 7069
Patch notification stream generated for Content Spec: http://skynet.usersys.redhat.com:8080/TopicIndex 7210
Patch notification stream generated for Content Spec: http://skynet.usersys.redhat.com:8080/TopicIndex 8025
Patch notification stream generated for Content Spec: http://skynet.usersys.redhat.com:8080/TopicIndex 9022
Patch notification stream generated for Content Spec: http://skynet.usersys.redhat.com:8080/TopicIndex 9024
Patch notification stream generated for Content Spec: http://skynet.usersys.redhat.com:8080/TopicIndex 9026
Patch notification stream generated for Content Spec: http://skynet.usersys.redhat.com:8080/TopicIndex 10145
Patch notification stream generated for Content Spec: http://skynet.usersys.redhat.com:8080/TopicIndex 12220
Patch notification stream generated for Content Spec: http://skynet.usersys.redhat.com:8080/TopicIndex 12697
Patch notification stream generated for Content Spec: http://skynet.usersys.redhat.com:8080/TopicIndex 12875
Patch notification stream generated for Content Spec: http://skynet.usersys.redhat.com:8080/TopicIndex 12978
Patch notification stream generated for Content Spec: http://skynet.usersys.redhat.com:8080/TopicIndex 13109
Patch notification stream generated for Content Spec: http://skynet.usersys.redhat.com:8080/TopicIndex 13127
Patch notification stream generated for Content Spec: http://skynet.usersys.redhat.com:8080/TopicIndex 13483
Patch notification stream generated for Content Spec: http://skynet.usersys.redhat.com:8080/TopicIndex 13528
Patch notification stream generated for Content Spec: http://skynet.usersys.redhat.com:8080/TopicIndex 13799
Loading stylesheet in rest router
Loaded stylesheet in rest router
Express server listening on port 3000
[90mGET /booklist [32m200 [90m19ms - 23.22kb[0m
[90mGET /booklist [32m200 [90m7ms - 23.22kb[0m
[90mGET /booklist [32m200 [90m4ms - 23.22kb[0m
[90mGET /booklist [32m200 [90m3ms - 23.22kb[0m
[90mGET /booklist [36m304 [90m3ms[0m
[90mGET /booklist [32m200 [90m2ms - 23.22kb[0m
[90mGET /booklist [36m304 [90m3ms[0m
[90mGET /booklist [36m304 [90m4ms[0m
[90mGET /booklist [36m304 [90m2ms[0m
[90mGET /booklist [36m304 [90m2ms[0m
[90mGET /booklist [36m304 [90m2ms[0m
[90mGET /booklist [36m304 [90m2ms[0m
[90mGET /booklist [36m304 [90m3ms[0m
[90mGET /booklist [36m304 [90m4ms[0m
[90mGET /booklist [36m304 [90m3ms[0m
[90mGET /booklist [36m304 [90m2ms[0m
[90mGET /booklist [36m304 [90m2ms[0m
[90mGET /booklist [36m304 [90m3ms[0m
[90mGET /booklist [36m304 [90m2ms[0m
[90mGET /booklist [36m304 [90m2ms[0m
[90mGET /booklist [36m304 [90m2ms[0m
[90mGET /booklist [36m304 [90m3ms[0m
[90mGET /booklist [36m304 [90m2ms[0m
[90mGET /booklist [36m304 [90m4ms[0m
[90mGET /booklist [36m304 [90m2ms[0m
[90mGET /booklist [36m304 [90m3ms[0m
[90mGET /booklist [36m304 [90m2ms[0m
[90mGET /booklist [36m304 [90m3ms[0m
[90mGET /booklist [36m304 [90m4ms[0m
[90mGET /booklist [36m304 [90m3ms[0m
[90mGET /booklist [36m304 [90m3ms[0m
[90mGET /booklist [36m304 [90m3ms[0m
[90mGET /booklist [36m304 [90m2ms[0m
[90mGET /booklist [36m304 [90m2ms[0m
[90mGET /booklist [36m304 [90m3ms[0m
[90mGET /booklist [36m304 [90m2ms[0m
[90mGET /booklist [36m304 [90m3ms[0m
[90mGET /booklist [36m304 [90m2ms[0m
Client connected
Client connected
Patch Subscription for Spec ID: 13483
Patch Subscription for Spec ID: 13483
[90mGET /booklist [36m304 [90m3ms[0m
Client connected
[90mGET /booklist [36m304 [90m5ms[0m
Patch Subscription for Spec ID: 7069
Client connected
Patch Subscription for Spec ID: 13483
[90mGET /booklist [36m304 [90m3ms[0m
Client connected
[90mGET /booklist [36m304 [90m2ms[0m
[90mGET /booklist [36m304 [90m2ms[0m
[90mGET /booklist [36m304 [90m3ms[0m
Client connected
[90mGET /booklist [36m304 [90m4ms[0m
[90mGET /booklist [36m304 [90m3ms[0m
Patch Subscription for Spec ID: 13483
[90mGET /booklist [36m304 [90m2ms[0m
[90mGET /booklist [36m304 [90m3ms[0m
Client connected
[90mGET /booklist [36m304 [90m2ms[0m
[90mGET /booklist [36m304 [90m2ms[0m
[90mGET /booklist [36m304 [90m3ms[0m
Patch Subscription for Spec ID: 13528
[90mGET /booklist [36m304 [90m2ms[0m
[90mGET /booklist [36m304 [90m2ms[0m
[90mGET /booklist [36m304 [90m2ms[0m
[90mGET /booklist [36m304 [90m2ms[0m
[90mGET /booklist [36m304 [90m3ms[0m
[90mGET /booklist [36m304 [90m2ms[0m
[90mGET /booklist [36m304 [90m2ms[0m
[90mGET /booklist [36m304 [90m4ms[0m
8c06f760-a054-11e2-a1a5-27b1babe4025
building: http://skynet.usersys.redhat.com:8080/TopicIndex 13483
Creating build log: /opt/deathstar-2.0/books/JBoss_BPMS/13483-Administration_And_Configuration_Guide-6/build.log
Logging build to /opt/deathstar-2.0/books/JBoss_BPMS/13483-Administration_And_Configuration_Guide-6/build.log
[90mGET /action/rebuild?url=http://skynet.usersys.redhat.com:8080/TopicIndex&id=13483 [36m302 [90m8ms - 130[0m
[90mGET /booklist [32m200 [90m6ms - 23.08kb[0m
[90mGET / [32m200 [90m14ms - 24.04kb[0m
[90mGET /booklist [32m200 [90m2ms - 23.08kb[0m
[90mGET /stylesheets/style.css [32m200 [90m168ms - 431[0m
[90mGET /scripts/index.js [36m304 [90m8ms[0m
[90mGET /scripts/jquery-1.9.1.min.js [36m304 [90m9ms[0m
[90mGET /booklist [32m200 [90m9ms - 23.08kb[0m
[90mGET /favicon.ico [33m404 [90m1ms[0m
[90mGET /booklist [32m200 [90m2ms - 23.08kb[0m
[90mGET /booklist [36m304 [90m3ms[0m
[90mGET /booklist [36m304 [90m3ms[0m
[90mGET /booklist [36m304 [90m3ms[0m
[90mGET /booklist [32m200 [90m4ms - 23.08kb[0m
[90mGET /booklist [36m304 [90m4ms[0m
[90mGET /booklist [36m304 [90m2ms[0m
[90mGET /booklist [36m304 [90m7ms[0m
[90mGET /booklist [36m304 [90m21ms[0m
[90mGET /booklist [36m304 [90m8ms[0m
[90mGET /booklist [36m304 [90m10ms[0m
[90mGET /booklist [36m304 [90m11ms[0m
[90mGET /booklist [36m304 [90m10ms[0m
[90mGET /booklist [36m304 [90m3ms[0m
[90mGET /booklist [36m304 [90m10ms[0m
[90mGET /booklist [36m304 [90m14ms[0m
[90mGET /booklist [36m304 [90m3ms[0m
[90mGET /booklist [36m304 [90m5ms[0m
[90mGET /booklist [36m304 [90m6ms[0m
[90mGET /booklist [36m304 [90m6ms[0m
[90mGET /booklist [36m304 [90m6ms[0m
[90mGET /booklist [36m304 [90m11ms[0m
[90mGET /booklist [36m304 [90m6ms[0m
[90mGET /booklist [36m304 [90m16ms[0m
[90mGET /booklist [36m304 [90m10ms[0m
[90mGET /booklist [36m304 [90m3ms[0m
[90mGET /booklist [36m304 [90m5ms[0m
[90mGET /booklist [36m304 [90m4ms[0m
[90mGET /booklist [36m304 [90m4ms[0m
[90mGET /booklist [36m304 [90m8ms[0m
[90mGET /booklist [36m304 [90m5ms[0m
[90mGET /booklist [36m304 [90m8ms[0m
[90mGET /booklist [36m304 [90m3ms[0m
[90mGET /booklist [36m304 [90m3ms[0m
[90mGET /booklist [36m304 [90m9ms[0m
[90mGET /booklist [36m304 [90m5ms[0m
[90mGET /booklist [36m304 [90m3ms[0m
[90mGET /booklist [36m304 [90m8ms[0m
[90mGET /booklist [36m304 [90m59ms[0m
[90mGET /booklist [36m304 [90m10ms[0m
[90mGET /booklist [36m304 [90m2ms[0m
[90mGET /booklist [36m304 [90m2ms[0m
[90mGET /booklist [36m304 [90m3ms[0m
[90mGET /booklist [36m304 [90m4ms[0m
[90mGET /booklist [36m304 [90m3ms[0m
[90mGET /booklist [36m304 [90m4ms[0m
[90mGET /booklist [36m304 [90m9ms[0m
[90mGET /booklist [36m304 [90m6ms[0m
[90mGET /booklist [36m304 [90m3ms[0m
[90mGET /booklist [36m304 [90m4ms[0m
[90mGET /booklist [36m304 [90m3ms[0m
[90mGET /booklist [36m304 [90m3ms[0m
[90mGET /booklist [36m304 [90m2ms[0m
[90mGET /booklist [36m304 [90m2ms[0m
[90mGET /booklist [36m304 [90m2ms[0m
[90mGET /booklist [36m304 [90m4ms[0m
[90mGET /booklist [36m304 [90m2ms[0m
[90mGET /booklist [36m304 [90m3ms[0m
[90mGET /booklist [36m304 [90m2ms[0m
[90mGET /booklist [36m304 [90m5ms[0m
[90mGET /booklist [36m304 [90m6ms[0m
[90mGET /booklist [36m304 [90m3ms[0m
[90mGET /booklist [36m304 [90m3ms[0m
[90mGET /booklist [36m304 [90m2ms[0m
[90mGET /booklist [36m304 [90m5ms[0m
[90mGET /booklist [36m304 [90m4ms[0m
[90mGET /booklist [36m304 [90m2ms[0m
[90mGET /booklist [36m304 [90m3ms[0m
[90mGET /booklist [36m304 [90m3ms[0m
[90mGET /booklist [36m304 [90m4ms[0m
[90mGET /booklist [36m304 [90m3ms[0m
[90mGET /booklist [36m304 [90m2ms[0m
[90mGET /booklist [36m304 [90m2ms[0m
[90mGET /booklist [36m304 [90m2ms[0m
[90mGET /booklist [36m304 [90m3ms[0m
[90mGET /booklist [36m304 [90m3ms[0m
[90mGET /booklist [36m304 [90m5ms[0m
[90mGET /booklist [36m304 [90m2ms[0m
[90mGET /booklist [36m304 [90m2ms[0m
[90mGET /booklist [36m304 [90m3ms[0m
[90mGET /booklist [36m304 [90m3ms[0m
[90mGET /booklist [36m304 [90m2ms[0m
[90mGET /booklist [36m304 [90m2ms[0m
[90mGET /booklist [36m304 [90m3ms[0m
[90mGET /booklist [36m304 [90m3ms[0m
[90mGET /booklist [36m304 [90m4ms[0m
That was the end of that part
Unzipping publican book in /opt/deathstar-2.0/books/JBoss_BPMS/13483-Administration_And_Configuration_Guide-6/assembly
/opt/deathstar-2.0/books/JBoss_BPMS/13483-Administration_And_Configuration_Guide-6/assembly
That was the end of that part
That was the end of that part
Saved publican.cfg: /opt/deathstar-2.0/books/JBoss_BPMS/13483-Administration_And_Configuration_Guide-6/assembly/Administration_And_Configuration_Guide/publican.cfg
Initiating Publican build
/opt/deathstar-2.0/books/JBoss_BPMS/13483-Administration_And_Configuration_Guide-6/assembly/Administration_And_Configuration_Guide
[90mGET /booklist [36m304 [90m4ms[0m
[90mGET /booklist [36m304 [90m4ms[0m
[90mGET /booklist [36m304 [90m3ms[0m
[90mGET /booklist [36m304 [90m4ms[0m
[90mGET /booklist [36m304 [90m4ms[0m
[90mGET /booklist [36m304 [90m2ms[0m
[90mGET /booklist [36m304 [90m2ms[0m
[90mGET /booklist [36m304 [90m2ms[0m
[90mGET /booklist [36m304 [90m4ms[0m
[90mGET /booklist [36m304 [90m4ms[0m
[90mGET /booklist [36m304 [90m7ms[0m
[90mGET /booklist [36m304 [90m3ms[0m
[90mGET /booklist [36m304 [90m2ms[0m
[90mGET /booklist [36m304 [90m4ms[0m
[90mGET /booklist [36m304 [90m2ms[0m
[90mGET /booklist [36m304 [90m3ms[0m
[90mGET /booklist [36m304 [90m3ms[0m
[90mGET /booklist [36m304 [90m4ms[0m
[90mGET /booklist [36m304 [90m3ms[0m
[90mGET /booklist [36m304 [90m3ms[0m
[90mGET /booklist [36m304 [90m3ms[0m
[90mGET /booklist [36m304 [90m2ms[0m
[90mGET /booklist [36m304 [90m2ms[0m
[90mGET /booklist [36m304 [90m2ms[0m
[90mGET /booklist [36m304 [90m2ms[0m
[90mGET /booklist [36m304 [90m5ms[0m
[90mGET /booklist [36m304 [90m2ms[0m
[90mGET /booklist [36m304 [90m3ms[0m
[90mGET /booklist [36m304 [90m2ms[0m
[90mGET /booklist [36m304 [90m5ms[0m
[90mGET /booklist [36m304 [90m4ms[0m
[90mGET /booklist [36m304 [90m2ms[0m
[90mGET /booklist [36m304 [90m2ms[0m
[90mGET /booklist [36m304 [90m3ms[0m
[90mGET /booklist [36m304 [90m3ms[0m
[90mGET /booklist [36m304 [90m3ms[0m
[90mGET /booklist [36m304 [90m4ms[0m
[90mGET /booklist [36m304 [90m4ms[0m
[90mGET /booklist [36m304 [90m2ms[0m
[90mGET /booklist [36m304 [90m4ms[0m
Bye client :(
[90mGET /booklist [36m304 [90m8ms[0m
[90mGET /booklist [36m304 [90m4ms[0m
[90mGET /booklist [36m304 [90m3ms[0m
[90mGET /booklist [36m304 [90m2ms[0m
[90mGET /booklist [36m304 [90m2ms[0m
[90mGET /booklist [36m304 [90m2ms[0m
[90mGET /booklist [36m304 [90m6ms[0m
[90mGET /booklist [36m304 [90m4ms[0m
[90mGET /booklist [36m304 [90m4ms[0m
[90mGET /booklist [36m304 [90m2ms[0m
[90mGET /booklist [36m304 [90m5ms[0m
[90mGET /booklist [36m304 [90m7ms[0m
[90mGET /booklist [36m304 [90m2ms[0m
[90mGET /booklist [36m304 [90m4ms[0m
[90mGET /booklist [36m304 [90m3ms[0m
[90mGET /booklist [36m304 [90m4ms[0m
[90mGET /booklist [36m304 [90m4ms[0m
[90mGET /booklist [36m304 [90m2ms[0m
[90mGET /booklist [36m304 [90m3ms[0m
[90mGET /booklist [36m304 [90m4ms[0m
Bye client :(
[90mGET /booklist [36m304 [90m3ms[0m
[90mGET /booklist [36m304 [90m4ms[0m
[90mGET /booklist [36m304 [90m2ms[0m
[90mGET /booklist [36m304 [90m3ms[0m
[90mGET /booklist [36m304 [90m3ms[0m
[90mGET /booklist [36m304 [90m5ms[0m
[90mGET /booklist [36m304 [90m3ms[0m
[90mGET /booklist [36m304 [90m3ms[0m
[90mGET /booklist [36m304 [90m7ms[0m
[90mGET /booklist [36m304 [90m3ms[0m
[90mGET /booklist [36m304 [90m3ms[0m
[90mGET /booklist [36m304 [90m2ms[0m
[90mGET /booklist [36m304 [90m2ms[0m
[90mGET /booklist [36m304 [90m4ms[0m
[90mGET /booklist [36m304 [90m3ms[0m
[90mGET /booklist [36m304 [90m2ms[0m
[90mGET /booklist [36m304 [90m3ms[0m
[90mGET /booklist [36m304 [90m6ms[0m
[90mGET /booklist [36m304 [90m3ms[0m
[90mGET /booklist [36m304 [90m3ms[0m
[90mGET /booklist [36m304 [90m2ms[0m
[90mGET /booklist [36m304 [90m6ms[0m
[90mGET /booklist [36m304 [90m2ms[0m
[90mGET /booklist [36m304 [90m6ms[0m
[90mGET /booklist [36m304 [90m4ms[0m
[90mGET /booklist [36m304 [90m2ms[0m
[90mGET /booklist [36m304 [90m2ms[0m
[90mGET /booklist [36m304 [90m3ms[0m
[90mGET /booklist [36m304 [90m4ms[0m
[90mGET /booklist [36m304 [90m4ms[0m
[90mGET /booklist [36m304 [90m2ms[0m
[90mGET /booklist [36m304 [90m2ms[0m
[90mGET /booklist [36m304 [90m2ms[0m
[90mGET /booklist [36m304 [90m2ms[0m
[90mGET /booklist [36m304 [90m2ms[0m
[90mGET /booklist [36m304 [90m2ms[0m
[90mGET /booklist [36m304 [90m2ms[0m
[90mGET /booklist [36m304 [90m2ms[0m
[90mGET /booklist [36m304 [90m3ms[0m
[90mGET /booklist [36m304 [90m3ms[0m
[90mGET /booklist [36m304 [90m4ms[0m
[90mGET /booklist [36m304 [90m2ms[0m
[90mGET /booklist [36m304 [90m2ms[0m
[90mGET /booklist [36m304 [90m2ms[0m
[90mGET /booklist [36m304 [90m5ms[0m
[90mGET /booklist [36m304 [90m2ms[0m
[90mGET /booklist [36m304 [90m4ms[0m
[90mGET /booklist [36m304 [90m3ms[0m
[90mGET /booklist [36m304 [90m4ms[0m
[90mGET /booklist [36m304 [90m2ms[0m
[90mGET /booklist [36m304 [90m3ms[0m
[90mGET /booklist [36m304 [90m3ms[0m
[90mGET /booklist [36m304 [90m2ms[0m
[90mGET /booklist [36m304 [90m2ms[0m
[90mGET /booklist [36m304 [90m2ms[0m
[90mGET /booklist [36m304 [90m4ms[0m
[90mGET /booklist [36m304 [90m3ms[0m
[90mGET /booklist [36m304 [90m2ms[0m
[90mGET /booklist [36m304 [90m2ms[0m
[90mGET /booklist [36m304 [90m2ms[0m
[90mGET /booklist [36m304 [90m3ms[0m
[90mGET /booklist [36m304 [90m2ms[0m
[90mGET /booklist [36m304 [90m3ms[0m
[90mGET /booklist [36m304 [90m5ms[0m
[90mGET /booklist [36m304 [90m3ms[0m
[90mGET /booklist [36m304 [90m7ms[0m
[90mGET /booklist [36m304 [90m3ms[0m
[90mGET /booklist [36m304 [90m3ms[0m
[90mGET /booklist [36m304 [90m3ms[0m
[90mGET /booklist [36m304 [90m6ms[0m
[90mGET /booklist [36m304 [90m2ms[0m
[90mGET /booklist [36m304 [90m3ms[0m
[90mGET /booklist [36m304 [90m3ms[0m
[90mGET /booklist [36m304 [90m4ms[0m
[90mGET /booklist [36m304 [90m4ms[0m
[90mGET /booklist [36m304 [90m2ms[0m
[90mGET /booklist [36m304 [90m2ms[0m
[90mGET /booklist [36m304 [90m2ms[0m
[90mGET /booklist [36m304 [90m4ms[0m
[90mGET /booklist [36m304 [90m3ms[0m
[90mGET /booklist [36m304 [90m3ms[0m
[90mGET /booklist [36m304 [90m3ms[0m
[90mGET /booklist [36m304 [90m4ms[0m
[90mGET /booklist [36m304 [90m4ms[0m
[90mGET /booklist [36m304 [90m3ms[0m
[90mGET /booklist [36m304 [90m2ms[0m
[90mGET /booklist [36m304 [90m3ms[0m
[90mGET /booklist [36m304 [90m5ms[0m
[90mGET /booklist [36m304 [90m4ms[0m
[90mGET /booklist [36m304 [90m2ms[0m
[90mGET /booklist [36m304 [90m2ms[0m
[90mGET /booklist [36m304 [90m3ms[0m
[90mGET /booklist [36m304 [90m2ms[0m
[90mGET /booklist [36m304 [90m3ms[0m
[90mGET /booklist [36m304 [90m3ms[0m
[90mGET /booklist [36m304 [90m2ms[0m
[90mGET /booklist [36m304 [90m4ms[0m
[90mGET /booklist [36m304 [90m3ms[0m
[90mGET /booklist [36m304 [90m4ms[0m
[90mGET /booklist [36m304 [90m3ms[0m
[90mGET /booklist [36m304 [90m3ms[0m
[90mGET /booklist [36m304 [90m3ms[0m
[90mGET /booklist [36m304 [90m3ms[0m
[90mGET /booklist [36m304 [90m3ms[0m
[90mGET /buildlog.html?buildid=8c06f760-a054-11e2-a1a5-27b1babe4025 [32m200 [90m3ms - 475[0m
[90mGET /booklist [36m304 [90m3ms[0m
[90mGET /assets/css/bootstrap.css [36m304 [90m2ms[0m
[90mGET /assets/css/bootstrap-responsive.css [36m304 [90m1ms[0m
[90mGET /assets/js/jquery-1.7.2.min.js [36m304 [90m1ms[0m
[90mGET /scripts/deathstar-buildlog.js [36m304 [90m1ms[0m
[90mGET /booklist [36m304 [90m38ms[0m
[90mGET /booklist [36m304 [90m39ms[0m
[90mGET /booklist [36m304 [90m37ms[0m
[90mGET /booklist [36m304 [90m33ms[0m
[90mGET /booklist [36m304 [90m34ms[0m
[90mGET /booklist [36m304 [90m7ms[0m
[90mGET /booklist [36m304 [90m7ms[0m
[90mGET /booklist [36m304 [90m4ms[0m
[90mGET /booklist [36m304 [90m5ms[0m
[90mGET /favicon.ico [33m404 [90m1ms[0m
[90mGET /booklist [36m304 [90m4ms[0m
Client connected
Build Log requested via websocket for 8c06f760-a054-11e2-a1a5-27b1babe4025
[90mGET /booklist [36m304 [90m6ms[0m
[90mGET /booklist [36m304 [90m5ms[0m
[90mGET /booklist [36m304 [90m5ms[0m
[90mGET /booklist [36m304 [90m5ms[0m
[90mGET /booklist [36m304 [90m4ms[0m
[90mGET /booklist [36m304 [90m6ms[0m
[90mGET /booklist [36m304 [90m4ms[0m
[90mGET /booklist [36m304 [90m4ms[0m
[90mGET /booklist [36m304 [90m8ms[0m
[90mGET /booklist [36m304 [90m4ms[0m
[90mGET /booklist [36m304 [90m5ms[0m
[90mGET /booklist [36m304 [90m26ms[0m
[90mGET /booklist [36m304 [90m6ms[0m
[90mGET /booklist [36m304 [90m6ms[0m
[90mGET /booklist [36m304 [90m6ms[0m
[90mGET /booklist [36m304 [90m4ms[0m
[90mGET /booklist [36m304 [90m5ms[0m
[90mGET /booklist [36m304 [90m6ms[0m
[90mGET /booklist [36m304 [90m6ms[0m
[90mGET /booklist [36m304 [90m6ms[0m
[90mGET /booklist [36m304 [90m5ms[0m
[90mGET /booklist [36m304 [90m6ms[0m
[90mGET /booklist [36m304 [90m6ms[0m
[90mGET /booklist [36m304 [90m6ms[0m
[90mGET /booklist [36m304 [90m20ms[0m
That was the end of that part
That was the end of that part
Publican build error 255
Moved /opt/deathstar-2.0/books/JBoss_BPMS/13483-Administration_And_Configuration_Guide-6/build.log to /opt/deathstar-2.0/public/builds/13483-Administration_And_Configuration_Guide/build.log
JSON saved to /opt/deathstar-2.0/books/books.json
[90mGET /booklist [32m200 [90m3ms - 23.23kb[0m
[90mGET /booklist [32m200 [90m2ms - 23.23kb[0m
[90mGET /booklist [32m200 [90m3ms - 23.23kb[0m
[90mGET /booklist [32m200 [90m3ms - 23.23kb[0m
[90mGET /booklist [32m200 [90m2ms - 23.23kb[0m
[90mGET /booklist [36m304 [90m3ms[0m
[90mGET /booklist [36m304 [90m2ms[0m
[90mGET /booklist [36m304 [90m2ms[0m
[90mGET /booklist [36m304 [90m2ms[0m
[90mGET /booklist [36m304 [90m2ms[0m
[90mGET /booklist [36m304 [90m2ms[0m
[90mGET /booklist [36m304 [90m3ms[0m
[90mGET /booklist [36m304 [90m2ms[0m
[90mGET /booklist [36m304 [90m2ms[0m
[90mGET /booklist [36m304 [90m3ms[0m
[90mGET /booklist [36m304 [90m2ms[0m
[90mGET /booklist [36m304 [90m2ms[0m
[90mGET /booklist [36m304 [90m2ms[0m
[90mGET /booklist [36m304 [90m2ms[0m
[90mGET /booklist [36m304 [90m2ms[0m
[90mGET /booklist [36m304 [90m2ms[0m
[90mGET /booklist [36m304 [90m3ms[0m
[90mGET /booklist [36m304 [90m3ms[0m
[90mGET /booklist [36m304 [90m2ms[0m
[90mGET /booklist [36m304 [90m3ms[0m
[90mGET /booklist [36m304 [90m3ms[0m
[90mGET /booklist [36m304 [90m2ms[0m
[90mGET /booklist [36m304 [90m4ms[0m
[90mGET /booklist [36m304 [90m3ms[0m
[90mGET /booklist [36m304 [90m2ms[0m
[90mGET /booklist [36m304 [90m2ms[0m
[90mGET /booklist [36m304 [90m2ms[0m
[90mGET /booklist [36m304 [90m2ms[0m
[90mGET /booklist [36m304 [90m3ms[0m
[90mGET /booklist [36m304 [90m2ms[0m
[90mGET /booklist [36m304 [90m3ms[0m
[90mGET /booklist [36m304 [90m6ms[0m
[90mGET /booklist [36m304 [90m2ms[0m
[90mGET /booklist [36m304 [90m2ms[0m
[90mGET /booklist [36m304 [90m3ms[0m
[90mGET /booklist [36m304 [90m2ms[0m
[90mGET /booklist [36m304 [90m2ms[0m
[90mGET /booklist [36m304 [90m2ms[0m
[90mGET /booklist [36m304 [90m2ms[0m
[90mGET /booklist [36m304 [90m2ms[0m
[90mGET /booklist [36m304 [90m2ms[0m
[90mGET /booklist [36m304 [90m2ms[0m
[90mGET /booklist [36m304 [90m5ms[0m
[90mGET /booklist [36m304 [90m2ms[0m
[90mGET /booklist [36m304 [90m2ms[0m
[90mGET /booklist [36m304 [90m2ms[0m
[90mGET /booklist [36m304 [90m2ms[0m
[90mGET /booklist [36m304 [90m2ms[0m
[90mGET /booklist [36m304 [90m2ms[0m
[90mGET /booklist [36m304 [90m2ms[0m
[90mGET /booklist [36m304 [90m3ms[0m
[90mGET /booklist [36m304 [90m3ms[0m
[90mGET /booklist [36m304 [90m3ms[0m
[90mGET /booklist [36m304 [90m2ms[0m
[90mGET /booklist [36m304 [90m3ms[0m
[90mGET /booklist [36m304 [90m2ms[0m
[90mGET /booklist [36m304 [90m2ms[0m
[90mGET /booklist [36m304 [90m3ms[0m
[90mGET /booklist [36m304 [90m3ms[0m
[90mGET /booklist [36m304 [90m2ms[0m
[90mGET /booklist [36m304 [90m5ms[0m
[90mGET /booklist [36m304 [90m3ms[0m
[90mGET /booklist [36m304 [90m5ms[0m
[90mGET /booklist [36m304 [90m4ms[0m
[90mGET /booklist [36m304 [90m4ms[0m
[90mGET /booklist [36m304 [90m2ms[0m
[90mGET /booklist [36m304 [90m3ms[0m
[90mGET /booklist [36m304 [90m3ms[0m
[90mGET /booklist [36m304 [90m3ms[0m
[90mGET /booklist [36m304 [90m2ms[0m
[90mGET /booklist [36m304 [90m3ms[0m
[90mGET /booklist [36m304 [90m3ms[0m
[90mGET /booklist [36m304 [90m3ms[0m
[90mGET /booklist [36m304 [90m2ms[0m
[90mGET /booklist [36m304 [90m2ms[0m
[90mGET /booklist [36m304 [90m4ms[0m
[90mGET /booklist [36m304 [90m2ms[0m
[90mGET /booklist [36m304 [90m2ms[0m
[90mGET /booklist [36m304 [90m2ms[0m
[90mGET /booklist [36m304 [90m2ms[0m
[90mGET /booklist [36m304 [90m3ms[0m
[90mGET /booklist [36m304 [90m3ms[0m
[90mGET /booklist [36m304 [90m3ms[0m
[90mGET /booklist [36m304 [90m2ms[0m
[90mGET /booklist [36m304 [90m3ms[0m
[90mGET /booklist [36m304 [90m3ms[0m
[90mGET /booklist [36m304 [90m3ms[0m
[90mGET /booklist [36m304 [90m3ms[0m
[90mGET /booklist [36m304 [90m2ms[0m
[90mGET /booklist [36m304 [90m3ms[0m
[90mGET /booklist [36m304 [90m3ms[0m
[90mGET /booklist [36m304 [90m3ms[0m
[90mGET /booklist [36m304 [90m2ms[0m
[90mGET /booklist [36m304 [90m3ms[0m
[90mGET /booklist [36m304 [90m3ms[0m
[90mGET /booklist [36m304 [90m3ms[0m
[90mGET /booklist [36m304 [90m3ms[0m
[90mGET /booklist [36m304 [90m4ms[0m
[90mGET /booklist [36m304 [90m2ms[0m
[90mGET /booklist [36m304 [90m2ms[0m
[90mGET /booklist [36m304 [90m3ms[0m
[90mGET /booklist [36m304 [90m2ms[0m
[90mGET /booklist [36m304 [90m5ms[0m
[90mGET /booklist [36m304 [90m3ms[0m
[90mGET /booklist [36m304 [90m2ms[0m
[90mGET /booklist [36m304 [90m3ms[0m
[90mGET /booklist [36m304 [90m2ms[0m
[90mGET /booklist [36m304 [90m2ms[0m
[90mGET /booklist [36m304 [90m2ms[0m
[90mGET /booklist [36m304 [90m2ms[0m
[90mGET /booklist [36m304 [90m3ms[0m
[90mGET /booklist [36m304 [90m3ms[0m
[90mGET /booklist [36m304 [90m2ms[0m
[90mGET /booklist [36m304 [90m4ms[0m
[90mGET /booklist [36m304 [90m2ms[0m
[90mGET /booklist [36m304 [90m3ms[0m
[90mGET /booklist [36m304 [90m2ms[0m
[90mGET /booklist [36m304 [90m2ms[0m
[90mGET /booklist [36m304 [90m2ms[0m
[90mGET /booklist [36m304 [90m3ms[0m
[90mGET /booklist [36m304 [90m2ms[0m
[90mGET /booklist [36m304 [90m3ms[0m
[90mGET /booklist [36m304 [90m2ms[0m
[90mGET /booklist [36m304 [90m2ms[0m
[90mGET /booklist [36m304 [90m3ms[0m
[90mGET /booklist [36m304 [90m3ms[0m
[90mGET /booklist [36m304 [90m2ms[0m
[90mGET /booklist [36m304 [90m3ms[0m
[90mGET /booklist [36m304 [90m8ms[0m
[90mGET /booklist [36m304 [90m3ms[0m
[90mGET /booklist [36m304 [90m3ms[0m
[90mGET /booklist [36m304 [90m2ms[0m
[90mGET /booklist [36m304 [90m2ms[0m
[90mGET /booklist [36m304 [90m2ms[0m
[90mGET /booklist [36m304 [90m2ms[0m
[90mGET /booklist [36m304 [90m3ms[0m
[90mGET /booklist [36m304 [90m3ms[0m
[90mGET /booklist [36m304 [90m2ms[0m
[90mGET /booklist [36m304 [90m3ms[0m
[90mGET /booklist [36m304 [90m2ms[0m
[90mGET /booklist [36m304 [90m2ms[0m
[90mGET /booklist [36m304 [90m3ms[0m
[90mGET /booklist [36m304 [90m2ms[0m
[90mGET /booklist [36m304 [90m4ms[0m
[90mGET /booklist [36m304 [90m4ms[0m
[90mGET /booklist [36m304 [90m3ms[0m
[90mGET /booklist [36m304 [90m2ms[0m
[90mGET /booklist [36m304 [90m2ms[0m
[90mGET /booklist [36m304 [90m3ms[0m
[90mGET /booklist [36m304 [90m2ms[0m
[90mGET /booklist [36m304 [90m3ms[0m
[90mGET /booklist [36m304 [90m3ms[0m
[90mGET /booklist [36m304 [90m3ms[0m
[90mGET /booklist [36m304 [90m3ms[0m
[90mGET /booklist [36m304 [90m3ms[0m
[90mGET /booklist [36m304 [90m3ms[0m
[90mGET /booklist [36m304 [90m2ms[0m
[90mGET /booklist [36m304 [90m3ms[0m
[90mGET /booklist [36m304 [90m3ms[0m
[90mGET /booklist [36m304 [90m3ms[0m
[90mGET /booklist [36m304 [90m3ms[0m
[90mGET /booklist [36m304 [90m2ms[0m
[90mGET /booklist [36m304 [90m3ms[0m
[90mGET /booklist [36m304 [90m2ms[0m
[90mGET /booklist [36m304 [90m2ms[0m
[90mGET /booklist [36m304 [90m4ms[0m
[90mGET /booklist [36m304 [90m4ms[0m
[90mGET /booklist [36m304 [90m4ms[0m
[90mGET /booklist [36m304 [90m2ms[0m
[90mGET /booklist [36m304 [90m3ms[0m
[90mGET /booklist [36m304 [90m2ms[0m
[90mGET /booklist [36m304 [90m2ms[0m
[90mGET /booklist [36m304 [90m2ms[0m
[90mGET /booklist [36m304 [90m3ms[0m
[90mGET /booklist [36m304 [90m2ms[0m
[90mGET /booklist [36m304 [90m2ms[0m
[90mGET /booklist [36m304 [90m2ms[0m
[90mGET /booklist [36m304 [90m2ms[0m
[90mGET /booklist [36m304 [90m2ms[0m
[90mGET /booklist [36m304 [90m2ms[0m
[90mGET /booklist [36m304 [90m2ms[0m
[90mGET /booklist [36m304 [90m2ms[0m
[90mGET /booklist [36m304 [90m2ms[0m
[90mGET /booklist [36m304 [90m3ms[0m
[90mGET /booklist [36m304 [90m2ms[0m
[90mGET /booklist [36m304 [90m2ms[0m
[90mGET /booklist [36m304 [90m4ms[0m
[90mGET /booklist [36m304 [90m2ms[0m
[90mGET /booklist [36m304 [90m2ms[0m
[90mGET /booklist [36m304 [90m2ms[0m
[90mGET /booklist [36m304 [90m3ms[0m
[90mGET /booklist [36m304 [90m2ms[0m
[90mGET /booklist [36m304 [90m2ms[0m
[90mGET /booklist [36m304 [90m2ms[0m
[90mGET /booklist [36m304 [90m2ms[0m
[90mGET /booklist [36m304 [90m3ms[0m
[90mGET /booklist [36m304 [90m2ms[0m
[90mGET /booklist [36m304 [90m2ms[0m
[90mGET /booklist [36m304 [90m2ms[0m
[90mGET /booklist [36m304 [90m2ms[0m
[90mGET /booklist [36m304 [90m2ms[0m
[90mGET /booklist [36m304 [90m2ms[0m
[90mGET /booklist [36m304 [90m2ms[0m
[90mGET /booklist [36m304 [90m4ms[0m
[90mGET /booklist [36m304 [90m4ms[0m
[90mGET /booklist [36m304 [90m5ms[0m
[90mGET /booklist [36m304 [90m3ms[0m
[90mGET /booklist [36m304 [90m3ms[0m
[90mGET /booklist [36m304 [90m5ms[0m
[90mGET /booklist [36m304 [90m4ms[0m
[90mGET /booklist [36m304 [90m4ms[0m
[90mGET /booklist [36m304 [90m3ms[0m
[90mGET /booklist [36m304 [90m2ms[0m
[90mGET /booklist [36m304 [90m3ms[0m
[90mGET /booklist [36m304 [90m2ms[0m
[90mGET /booklist [36m304 [90m2ms[0m
[90mGET /booklist [36m304 [90m2ms[0m
[90mGET /booklist [36m304 [90m2ms[0m
[90mGET /booklist [36m304 [90m2ms[0m
[90mGET /booklist [36m304 [90m2ms[0m
[90mGET /booklist [36m304 [90m2ms[0m
[90mGET /booklist [36m304 [90m4ms[0m
[90mGET /booklist [36m304 [90m4ms[0m
[90mGET /booklist [36m304 [90m4ms[0m
[90mGET /booklist [36m304 [90m4ms[0m
[90mGET /booklist [36m304 [90m3ms[0m
[90mGET /booklist [36m304 [90m2ms[0m
[90mGET /booklist [36m304 [90m2ms[0m
[90mGET /booklist [36m304 [90m3ms[0m
[90mGET /booklist [36m304 [90m5ms[0m
[90mGET /booklist [36m304 [90m3ms[0m
[90mGET /booklist [36m304 [90m3ms[0m
[90mGET /booklist [36m304 [90m2ms[0m
[90mGET /booklist [36m304 [90m3ms[0m
[90mGET /booklist [36m304 [90m2ms[0m
[90mGET /booklist [36m304 [90m2ms[0m
[90mGET /booklist [36m304 [90m2ms[0m
[90mGET /booklist [36m304 [90m3ms[0m
[90mGET /booklist [36m304 [90m5ms[0m
[90mGET /booklist [36m304 [90m4ms[0m
[90mGET /booklist [36m304 [90m4ms[0m
[90mGET /booklist [36m304 [90m4ms[0m
[90mGET /booklist [36m304 [90m2ms[0m
[90mGET /booklist [36m304 [90m3ms[0m
[90mGET /booklist [36m304 [90m2ms[0m
[90mGET /booklist [36m304 [90m2ms[0m
[90mGET /booklist [36m304 [90m3ms[0m
[90mGET /booklist [36m304 [90m3ms[0m
[90mGET /booklist [36m304 [90m3ms[0m
[90mGET /booklist [36m304 [90m3ms[0m
[90mGET /booklist [36m304 [90m3ms[0m
[90mGET /booklist [36m304 [90m3ms[0m
[90mGET /booklist [36m304 [90m3ms[0m
[90mGET /booklist [36m304 [90m3ms[0m
[90mGET /booklist [36m304 [90m3ms[0m
[90mGET /booklist [36m304 [90m2ms[0m
[90mGET /booklist [36m304 [90m2ms[0m
[90mGET /booklist [36m304 [90m2ms[0m
[90mGET /booklist [36m304 [90m3ms[0m
[90mGET /booklist [36m304 [90m2ms[0m
[90mGET /booklist [36m304 [90m2ms[0m
[90mGET /booklist [36m304 [90m2ms[0m
[90mGET /booklist [36m304 [90m2ms[0m
[90mGET /booklist [36m304 [90m3ms[0m
[90mGET /booklist [36m304 [90m2ms[0m
[90mGET /booklist [36m304 [90m3ms[0m
[90mGET /booklist [36m304 [90m2ms[0m
[90mGET /booklist [36m304 [90m3ms[0m
[90mGET /booklist [36m304 [90m3ms[0m
[90mGET /booklist [36m304 [90m2ms[0m
[90mGET /booklist [36m304 [90m3ms[0m
[90mGET /booklist [36m304 [90m5ms[0m
[90mGET /booklist [36m304 [90m3ms[0m
[90mGET /booklist [36m304 [90m2ms[0m
[90mGET /booklist [36m304 [90m2ms[0m
[90mGET /booklist [36m304 [90m5ms[0m
[90mGET /booklist [36m304 [90m3ms[0m
[90mGET /booklist [36m304 [90m3ms[0m
[90mGET /booklist [36m304 [90m3ms[0m
[90mGET /booklist [36m304 [90m3ms[0m
[90mGET /booklist [36m304 [90m2ms[0m
[90mGET /booklist [36m304 [90m3ms[0m
[90mGET /booklist [36m304 [90m2ms[0m
[90mGET /booklist [36m304 [90m3ms[0m
[90mGET /booklist [36m304 [90m2ms[0m
[90mGET /booklist [36m304 [90m2ms[0m
[90mGET /booklist [36m304 [90m4ms[0m
[90mGET /booklist [36m304 [90m2ms[0m
[90mGET /booklist [36m304 [90m2ms[0m
[90mGET /booklist [36m304 [90m3ms[0m
[90mGET /booklist [36m304 [90m2ms[0m
[90mGET /booklist [36m304 [90m2ms[0m
[90mGET /booklist [36m304 [90m2ms[0m
[90mGET /booklist [36m304 [90m2ms[0m
[90mGET /booklist [36m304 [90m3ms[0m
[90mGET /booklist [36m304 [90m3ms[0m
[90mGET /booklist [36m304 [90m2ms[0m
[90mGET /booklist [36m304 [90m2ms[0m
[90mGET /booklist [36m304 [90m2ms[0m
[90mGET /booklist [36m304 [90m3ms[0m
[90mGET /booklist [36m304 [90m3ms[0m
[90mGET /booklist [36m304 [90m2ms[0m
[90mGET /booklist [36m304 [90m2ms[0m
[90mGET /booklist [36m304 [90m2ms[0m
[90mGET /booklist [36m304 [90m3ms[0m
[90mGET /booklist [36m304 [90m2ms[0m
[90mGET /booklist [36m304 [90m3ms[0m
[90mGET /booklist [36m304 [90m2ms[0m
[90mGET /booklist [36m304 [90m3ms[0m
[90mGET /booklist [36m304 [90m3ms[0m
[90mGET /booklist [36m304 [90m3ms[0m
[90mGET /booklist [36m304 [90m3ms[0m
[90mGET /booklist [36m304 [90m2ms[0m
[90mGET /booklist [36m304 [90m4ms[0m
[90mGET /booklist [36m304 [90m3ms[0m
[90mGET /booklist [36m304 [90m2ms[0m
[90mGET /booklist [36m304 [90m2ms[0m
[90mGET /booklist [36m304 [90m2ms[0m
[90mGET /booklist [36m304 [90m2ms[0m
[90mGET /booklist [36m304 [90m2ms[0m
[90mGET /booklist [36m304 [90m3ms[0m
[90mGET /booklist [36m304 [90m2ms[0m
[90mGET /booklist [36m304 [90m3ms[0m
[90mGET /booklist [36m304 [90m3ms[0m
[90mGET /booklist [36m304 [90m2ms[0m
[90mGET /booklist [36m304 [90m4ms[0m
[90mGET /booklist [36m304 [90m2ms[0m
[90mGET /booklist [36m304 [90m2ms[0m
[90mGET /booklist [36m304 [90m2ms[0m
[90mGET /booklist [36m304 [90m2ms[0m
[90mGET /booklist [36m304 [90m3ms[0m
[90mGET /booklist [36m304 [90m2ms[0m
[90mGET /booklist [36m304 [90m2ms[0m
[90mGET /booklist [36m304 [90m2ms[0m
[90mGET /booklist [36m304 [90m2ms[0m
[90mGET /booklist [36m304 [90m4ms[0m
[90mGET /booklist [36m304 [90m3ms[0m
[90mGET /booklist [36m304 [90m2ms[0m
[90mGET /booklist [36m304 [90m3ms[0m
[90mGET /booklist [36m304 [90m2ms[0m
[90mGET /booklist [36m304 [90m3ms[0m
[90mGET /booklist [36m304 [90m3ms[0m
[90mGET /booklist [36m304 [90m3ms[0m
[90mGET /booklist [36m304 [90m2ms[0m
[90mGET /booklist [36m304 [90m2ms[0m
[90mGET /booklist [36m304 [90m3ms[0m
[90mGET /booklist [36m304 [90m2ms[0m
[90mGET /booklist [36m304 [90m3ms[0m
[90mGET /booklist [36m304 [90m2ms[0m
[90mGET /booklist [36m304 [90m3ms[0m
[90mGET /booklist [36m304 [90m2ms[0m
[90mGET /booklist [36m304 [90m2ms[0m
[90mGET /booklist [36m304 [90m3ms[0m
[90mGET /booklist [36m304 [90m2ms[0m
[90mGET /booklist [36m304 [90m3ms[0m
[90mGET /booklist [36m304 [90m5ms[0m
[90mGET /booklist [36m304 [90m3ms[0m
[90mGET /booklist [36m304 [90m3ms[0m
[90mGET /booklist [36m304 [90m3ms[0m
[90mGET /booklist [36m304 [90m3ms[0m
[90mGET /booklist [36m304 [90m3ms[0m
[90mGET /booklist [36m304 [90m3ms[0m
[90mGET /booklist [36m304 [90m3ms[0m
[90mGET /booklist [36m304 [90m3ms[0m
[90mGET /booklist [36m304 [90m3ms[0m
[90mGET /booklist [36m304 [90m3ms[0m
[90mGET /booklist [36m304 [90m3ms[0m
[90mGET /booklist [36m304 [90m3ms[0m
[90mGET /booklist [36m304 [90m2ms[0m
[90mGET /booklist [36m304 [90m3ms[0m
[90mGET /booklist [36m304 [90m3ms[0m
[90mGET /booklist [36m304 [90m3ms[0m
[90mGET /booklist [36m304 [90m2ms[0m
[90mGET /booklist [36m304 [90m3ms[0m
[90mGET /booklist [36m304 [90m3ms[0m
[90mGET /booklist [36m304 [90m3ms[0m
[90mGET /booklist [36m304 [90m2ms[0m
[90mGET /booklist [36m304 [90m4ms[0m
[90mGET /booklist [36m304 [90m5ms[0m
[90mGET /booklist [36m304 [90m3ms[0m
[90mGET /booklist [36m304 [90m3ms[0m
[90mGET /booklist [36m304 [90m3ms[0m
[90mGET /booklist [36m304 [90m2ms[0m
[90mGET /booklist [36m304 [90m3ms[0m
[90mGET /booklist [36m304 [90m2ms[0m
[90mGET /booklist [36m304 [90m2ms[0m
[90mGET /booklist [36m304 [90m2ms[0m
[90mGET /booklist [36m304 [90m2ms[0m
[90mGET /booklist [36m304 [90m2ms[0m
[90mGET /booklist [36m304 [90m3ms[0m
[90mGET /booklist [36m304 [90m4ms[0m
[90mGET /booklist [36m304 [90m3ms[0m
[90mGET /booklist [36m304 [90m2ms[0m
[90mGET /booklist [36m304 [90m3ms[0m
[90mGET /booklist [36m304 [90m2ms[0m
[90mGET /booklist [36m304 [90m3ms[0m
[90mGET /booklist [36m304 [90m3ms[0m
[90mGET /booklist [36m304 [90m3ms[0m
[90mGET /booklist [36m304 [90m2ms[0m
[90mGET /booklist [36m304 [90m3ms[0m
[90mGET /booklist [36m304 [90m5ms[0m
[90mGET /booklist [36m304 [90m3ms[0m
[90mGET /booklist [36m304 [90m3ms[0m
[90mGET /booklist [36m304 [90m3ms[0m
[90mGET /booklist [36m304 [90m2ms[0m
[90mGET /booklist [36m304 [90m3ms[0m
[90mGET /booklist [36m304 [90m2ms[0m
[90mGET /booklist [36m304 [90m3ms[0m
[90mGET /booklist [36m304 [90m2ms[0m
[90mGET /booklist [36m304 [90m2ms[0m
[90mGET /booklist [36m304 [90m2ms[0m
[90mGET /booklist [36m304 [90m2ms[0m
[90mGET /booklist [36m304 [90m3ms[0m
[90mGET /booklist [36m304 [90m4ms[0m
[90mGET /booklist [36m304 [90m4ms[0m
[90mGET /booklist [36m304 [90m4ms[0m
[90mGET /booklist [36m304 [90m4ms[0m
[90mGET /booklist [36m304 [90m4ms[0m
[90mGET /booklist [36m304 [90m4ms[0m
[90mGET /booklist [36m304 [90m3ms[0m
[90mGET /booklist [36m304 [90m2ms[0m
[90mGET /booklist [36m304 [90m2ms[0m
[90mGET /booklist [36m304 [90m3ms[0m
[90mGET /booklist [36m304 [90m2ms[0m
[90mGET /booklist [36m304 [90m2ms[0m
[90mGET /booklist [36m304 [90m3ms[0m
[90mGET /booklist [36m304 [90m3ms[0m
[90mGET /booklist [36m304 [90m3ms[0m
[90mGET /booklist [36m304 [90m3ms[0m
[90mGET /booklist [36m304 [90m2ms[0m
[90mGET /booklist [36m304 [90m3ms[0m
[90mGET /booklist [36m304 [90m3ms[0m
[90mGET /booklist [36m304 [90m3ms[0m
[90mGET /booklist [36m304 [90m5ms[0m
[90mGET /booklist [36m304 [90m3ms[0m
[90mGET /booklist [36m304 [90m3ms[0m
[90mGET /booklist [36m304 [90m3ms[0m
[90mGET /booklist [36m304 [90m3ms[0m
[90mGET /booklist [36m304 [90m4ms[0m
[90mGET /booklist [36m304 [90m3ms[0m
[90mGET /booklist [36m304 [90m8ms[0m
[90mGET /booklist [36m304 [90m4ms[0m
[90mGET /booklist [36m304 [90m3ms[0m
[90mGET /booklist [36m304 [90m4ms[0m
[90mGET /booklist [36m304 [90m4ms[0m
[90mGET /booklist [36m304 [90m4ms[0m
[90mGET /booklist [36m304 [90m5ms[0m
[90mGET /booklist [36m304 [90m6ms[0m
[90mGET /booklist [36m304 [90m6ms[0m
[90mGET /booklist [36m304 [90m4ms[0m
[90mGET /booklist [36m304 [90m4ms[0m
[90mGET /booklist [36m304 [90m4ms[0m
[90mGET /booklist [36m304 [90m3ms[0m
[90mGET /booklist [36m304 [90m4ms[0m
[90mGET /booklist [36m304 [90m3ms[0m
[90mGET /booklist [36m304 [90m4ms[0m
[90mGET /booklist [36m304 [90m4ms[0m
[90mGET /booklist [36m304 [90m4ms[0m
[90mGET /booklist [36m304 [90m5ms[0m
[90mGET /booklist [36m304 [90m4ms[0m
[90mGET /booklist [36m304 [90m4ms[0m
[90mGET /booklist [36m304 [90m4ms[0m
[90mGET /booklist [36m304 [90m3ms[0m
[90mGET /booklist [36m304 [90m3ms[0m
[90mGET /booklist [36m304 [90m7ms[0m
[90mGET /booklist [36m304 [90m4ms[0m
[90mGET /booklist [36m304 [90m4ms[0m
[90mGET /booklist [36m304 [90m3ms[0m
[90mGET /booklist [36m304 [90m4ms[0m
[90mGET /booklist [36m304 [90m3ms[0m
[90mGET /booklist [36m304 [90m16ms[0m
[90mGET /booklist [36m304 [90m5ms[0m
[90mGET /booklist [36m304 [90m4ms[0m
[90mGET /booklist [36m304 [90m4ms[0m
[90mGET /booklist [36m304 [90m2ms[0m
[90mGET /booklist [36m304 [90m3ms[0m
[90mGET /booklist [36m304 [90m3ms[0m
[90mGET /booklist [36m304 [90m2ms[0m
[90mGET /booklist [36m304 [90m2ms[0m
[90mGET /booklist [36m304 [90m2ms[0m
[90mGET /booklist [36m304 [90m3ms[0m
[90mGET /booklist [36m304 [90m2ms[0m
[90mGET /booklist [36m304 [90m2ms[0m
[90mGET /booklist [36m304 [90m2ms[0m
[90mGET /booklist [36m304 [90m2ms[0m
[90mGET /booklist [36m304 [90m2ms[0m
[90mGET /booklist [36m304 [90m2ms[0m
[90mGET /booklist [36m304 [90m2ms[0m
[90mGET /booklist [36m304 [90m2ms[0m
[90mGET /booklist [36m304 [90m2ms[0m
[90mGET /booklist [36m304 [90m3ms[0m
[90mGET /booklist [36m304 [90m2ms[0m
[90mGET /booklist [36m304 [90m2ms[0m
[90mGET /booklist [36m304 [90m3ms[0m
[90mGET /booklist [36m304 [90m2ms[0m
[90mGET /booklist [36m304 [90m2ms[0m
[90mGET /booklist [36m304 [90m2ms[0m
[90mGET /booklist [36m304 [90m2ms[0m
[90mGET /booklist [36m304 [90m2ms[0m
[90mGET /booklist [36m304 [90m2ms[0m
[90mGET /booklist [36m304 [90m3ms[0m
[90mGET /booklist [36m304 [90m3ms[0m
[90mGET /booklist [36m304 [90m2ms[0m
[90mGET /booklist [36m304 [90m2ms[0m
[90mGET /booklist [36m304 [90m3ms[0m
[90mGET /booklist [36m304 [90m2ms[0m
[90mGET /booklist [36m304 [90m4ms[0m
[90mGET /booklist [36m304 [90m2ms[0m
[90mGET /booklist [36m304 [90m2ms[0m
[90mGET /booklist [36m304 [90m2ms[0m
[90mGET /booklist [36m304 [90m2ms[0m
[90mGET /booklist [36m304 [90m3ms[0m
[90mGET /booklist [36m304 [90m2ms[0m
[90mGET /booklist [36m304 [90m3ms[0m
[90mGET /booklist [36m304 [90m2ms[0m
[90mGET /booklist [36m304 [90m3ms[0m
[90mGET /booklist [36m304 [90m2ms[0m
[90mGET /booklist [36m304 [90m2ms[0m
[90mGET /booklist [36m304 [90m3ms[0m
[90mGET /booklist [36m304 [90m2ms[0m
[90mGET /booklist [36m304 [90m3ms[0m
[90mGET /booklist [36m304 [90m3ms[0m
[90mGET /booklist [36m304 [90m3ms[0m
[90mGET /booklist [36m304 [90m2ms[0m
[90mGET /booklist [36m304 [90m2ms[0m
[90mGET /booklist [36m304 [90m2ms[0m
[90mGET /booklist [36m304 [90m2ms[0m
[90mGET /booklist [36m304 [90m3ms[0m
[90mGET /booklist [36m304 [90m2ms[0m
[90mGET /booklist [36m304 [90m2ms[0m
[90mGET /booklist [36m304 [90m2ms[0m
[90mGET /booklist [36m304 [90m3ms[0m
[90mGET /booklist [36m304 [90m2ms[0m
[90mGET /booklist [36m304 [90m2ms[0m
[90mGET /booklist [36m304 [90m3ms[0m
[90mGET /booklist [36m304 [90m2ms[0m
[90mGET /booklist [36m304 [90m2ms[0m
[90mGET /booklist [36m304 [90m3ms[0m
[90mGET /booklist [36m304 [90m2ms[0m
[90mGET /booklist [36m304 [90m2ms[0m
[90mGET /booklist [36m304 [90m2ms[0m
[90mGET /booklist [36m304 [90m3ms[0m
[90mGET /booklist [36m304 [90m4ms[0m
[90mGET /booklist [36m304 [90m2ms[0m
[90mGET /booklist [36m304 [90m2ms[0m
[90mGET /booklist [36m304 [90m3ms[0m
[90mGET /booklist [36m304 [90m2ms[0m
[90mGET /booklist [36m304 [90m2ms[0m
[90mGET /booklist [36m304 [90m3ms[0m
[90mGET /booklist [36m304 [90m2ms[0m
[90mGET /booklist [36m304 [90m2ms[0m
[90mGET /booklist [36m304 [90m2ms[0m
[90mGET /booklist [36m304 [90m2ms[0m
[90mGET /booklist [36m304 [90m3ms[0m
[90mGET /booklist [36m304 [90m2ms[0m
[90mGET /booklist [36m304 [90m2ms[0m
[90mGET /booklist [36m304 [90m5ms[0m
[90mGET /booklist [36m304 [90m3ms[0m
[90mGET /booklist [36m304 [90m3ms[0m
[90mGET /booklist [36m304 [90m2ms[0m
[90mGET /booklist [36m304 [90m3ms[0m
[90mGET /booklist [36m304 [90m2ms[0m
[90mGET /booklist [36m304 [90m2ms[0m
[90mGET /booklist [36m304 [90m3ms[0m
[90mGET /booklist [36m304 [90m2ms[0m
[90mGET /booklist [36m304 [90m2ms[0m
[90mGET /booklist [36m304 [90m2ms[0m
[90mGET /booklist [36m304 [90m2ms[0m
[90mGET /booklist [36m304 [90m2ms[0m
[90mGET /booklist [36m304 [90m2ms[0m
[90mGET /booklist [36m304 [90m2ms[0m
[90mGET /booklist [36m304 [90m2ms[0m
[90mGET /booklist [36m304 [90m2ms[0m
[90mGET /booklist [36m304 [90m3ms[0m
[90mGET /booklist [36m304 [90m2ms[0m
[90mGET /booklist [36m304 [90m2ms[0m
[90mGET /booklist [36m304 [90m3ms[0m
[90mGET /booklist [36m304 [90m3ms[0m
[90mGET /booklist [36m304 [90m3ms[0m
[90mGET /booklist [36m304 [90m2ms[0m
[90mGET /booklist [36m304 [90m2ms[0m
[90mGET /booklist [36m304 [90m2ms[0m
[90mGET /booklist [36m304 [90m2ms[0m
[90mGET /booklist [36m304 [90m2ms[0m
[90mGET /booklist [36m304 [90m2ms[0m
[90mGET /booklist [36m304 [90m2ms[0m
[90mGET /booklist [36m304 [90m3ms[0m
[90mGET /booklist [36m304 [90m2ms[0m
[90mGET /booklist [36m304 [90m2ms[0m
[90mGET /booklist [36m304 [90m2ms[0m
[90mGET /booklist [36m304 [90m3ms[0m
[90mGET /booklist [36m304 [90m3ms[0m
[90mGET /booklist [36m304 [90m2ms[0m
[90mGET /booklist [36m304 [90m2ms[0m
[90mGET /booklist [36m304 [90m2ms[0m
[90mGET /booklist [36m304 [90m3ms[0m
[90mGET /booklist [36m304 [90m3ms[0m
[90mGET /booklist [36m304 [90m2ms[0m
[90mGET /booklist [36m304 [90m5ms[0m
[90mGET /booklist [36m304 [90m2ms[0m
[90mGET /booklist [36m304 [90m2ms[0m
[90mGET /booklist [36m304 [90m3ms[0m
[90mGET /booklist [36m304 [90m3ms[0m
[90mGET /booklist [36m304 [90m2ms[0m
[90mGET /booklist [36m304 [90m3ms[0m
[90mGET /booklist [36m304 [90m3ms[0m
[90mGET /booklist [36m304 [90m2ms[0m
[90mGET /booklist [36m304 [90m2ms[0m
[90mGET /booklist [36m304 [90m3ms[0m
[90mGET /booklist [36m304 [90m2ms[0m
[90mGET /booklist [36m304 [90m2ms[0m
[90mGET /booklist [36m304 [90m3ms[0m
[90mGET /booklist [36m304 [90m2ms[0m
[90mGET /booklist [36m304 [90m2ms[0m
[90mGET /booklist [36m304 [90m2ms[0m
[90mGET /booklist [36m304 [90m2ms[0m
[90mGET /booklist [36m304 [90m3ms[0m
[90mGET /booklist [36m304 [90m2ms[0m
[90mGET /booklist [36m304 [90m2ms[0m
[90mGET /booklist [36m304 [90m2ms[0m
[90mGET /booklist [36m304 [90m3ms[0m
[90mGET /booklist [36m304 [90m2ms[0m
[90mGET /booklist [36m304 [90m2ms[0m
[90mGET /booklist [36m304 [90m2ms[0m
[90mGET /booklist [36m304 [90m3ms[0m
[90mGET /booklist [36m304 [90m2ms[0m
[90mGET /booklist [36m304 [90m3ms[0m
[90mGET /booklist [36m304 [90m2ms[0m
[90mGET /booklist [36m304 [90m2ms[0m
[90mGET /booklist [36m304 [90m2ms[0m
[90mGET /booklist [36m304 [90m2ms[0m
[90mGET /booklist [36m304 [90m3ms[0m
[90mGET /booklist [36m304 [90m2ms[0m
[90mGET /booklist [36m304 [90m2ms[0m
[90mGET /booklist [36m304 [90m2ms[0m
[90mGET /booklist [36m304 [90m3ms[0m
[90mGET /booklist [36m304 [90m2ms[0m
[90mGET /booklist [36m304 [90m2ms[0m
[90mGET /booklist [36m304 [90m2ms[0m
[90mGET /booklist [36m304 [90m2ms[0m
[90mGET /booklist [36m304 [90m5ms[0m
[90mGET /booklist [36m304 [90m2ms[0m
[90mGET /booklist [36m304 [90m2ms[0m
[90mGET /booklist [36m304 [90m2ms[0m
[90mGET /booklist [36m304 [90m2ms[0m
[90mGET /booklist [36m304 [90m3ms[0m
[90mGET /booklist [36m304 [90m2ms[0m
[90mGET /booklist [36m304 [90m2ms[0m
[90mGET /booklist [36m304 [90m3ms[0m
[90mGET /booklist [36m304 [90m2ms[0m
[90mGET /booklist [36m304 [90m3ms[0m
[90mGET /booklist [36m304 [90m2ms[0m
[90mGET /booklist [36m304 [90m2ms[0m
[90mGET /booklist [36m304 [90m2ms[0m
[90mGET /booklist [36m304 [90m2ms[0m
[90mGET /booklist [36m304 [90m2ms[0m
[90mGET /booklist [36m304 [90m2ms[0m
[90mGET /booklist [36m304 [90m2ms[0m
[90mGET /booklist [36m304 [90m3ms[0m
[90mGET /booklist [36m304 [90m2ms[0m
[90mGET /booklist [36m304 [90m2ms[0m
[90mGET /booklist [36m304 [90m3ms[0m
[90mGET /booklist [36m304 [90m3ms[0m
[90mGET /booklist [36m304 [90m2ms[0m
[90mGET /booklist [36m304 [90m3ms[0m
[90mGET /booklist [36m304 [90m2ms[0m
[90mGET /booklist [36m304 [90m2ms[0m
[90mGET /booklist [36m304 [90m2ms[0m
[90mGET /booklist [36m304 [90m2ms[0m
[90mGET /booklist [36m304 [90m3ms[0m
[90mGET /booklist [36m304 [90m2ms[0m
[90mGET /booklist [36m304 [90m3ms[0m
[90mGET /booklist [36m304 [90m2ms[0m
[90mGET /booklist [36m304 [90m2ms[0m
[90mGET /booklist [36m304 [90m2ms[0m
[90mGET /booklist [36m304 [90m2ms[0m
[90mGET /booklist [36m304 [90m3ms[0m
[90mGET /booklist [36m304 [90m3ms[0m
[90mGET /booklist [36m304 [90m2ms[0m
[90mGET /booklist [36m304 [90m3ms[0m
[90mGET /booklist [36m304 [90m2ms[0m
[90mGET /booklist [36m304 [90m2ms[0m
[90mGET /booklist [36m304 [90m2ms[0m
[90mGET /booklist [36m304 [90m2ms[0m
[90mGET /booklist [36m304 [90m2ms[0m
[90mGET /booklist [36m304 [90m2ms[0m
[90mGET /booklist [36m304 [90m3ms[0m
[90mGET /booklist [36m304 [90m3ms[0m
[90mGET /booklist [36m304 [90m3ms[0m
[90mGET /booklist [36m304 [90m2ms[0m
[90mGET /booklist [36m304 [90m2ms[0m
[90mGET /booklist [36m304 [90m3ms[0m
[90mGET /booklist [36m304 [90m2ms[0m
[90mGET /booklist [36m304 [90m2ms[0m
[90mGET /booklist [36m304 [90m2ms[0m
[90mGET /booklist [36m304 [90m3ms[0m
[90mGET /booklist [36m304 [90m3ms[0m
[90mGET /booklist [36m304 [90m2ms[0m
[90mGET /booklist [36m304 [90m2ms[0m
[90mGET /booklist [36m304 [90m2ms[0m
[90mGET /booklist [36m304 [90m3ms[0m
[90mGET /booklist [36m304 [90m2ms[0m
[90mGET /booklist [36m304 [90m2ms[0m
[90mGET /booklist [36m304 [90m2ms[0m
[90mGET /booklist [36m304 [90m2ms[0m
[90mGET /booklist [36m304 [90m3ms[0m
[90mGET /booklist [36m304 [90m3ms[0m
[90mGET /booklist [36m304 [90m2ms[0m
[90mGET /booklist [36m304 [90m3ms[0m
[90mGET /booklist [36m304 [90m2ms[0m
[90mGET /booklist [36m304 [90m2ms[0m
[90mGET /booklist [36m304 [90m3ms[0m
[90mGET /booklist [36m304 [90m2ms[0m
[90mGET /booklist [36m304 [90m2ms[0m
[90mGET /booklist [36m304 [90m3ms[0m
[90mGET /booklist [36m304 [90m2ms[0m
[90mGET /booklist [36m304 [90m2ms[0m
[90mGET /booklist [36m304 [90m2ms[0m
[90mGET /booklist [36m304 [90m2ms[0m
[90mGET /booklist [36m304 [90m2ms[0m
[90mGET /booklist [36m304 [90m2ms[0m
[90mGET /booklist [36m304 [90m3ms[0m
[90mGET /booklist [36m304 [90m2ms[0m
[90mGET /booklist [36m304 [90m3ms[0m
[90mGET /booklist [36m304 [90m2ms[0m
[90mGET /booklist [36m304 [90m4ms[0m
[90mGET /booklist [36m304 [90m2ms[0m
[90mGET /booklist [36m304 [90m2ms[0m
[90mGET /booklist [36m304 [90m4ms[0m
[90mGET /booklist [36m304 [90m2ms[0m
